[90m.prettierrc[39m 40ms (unchanged)
[90me2e/demo.test.ts[39m 65ms (unchanged)
[90meslint.config.js[39m 19ms (unchanged)
[90mmessages/en.json[39m 2ms (unchanged)
[90mmessages/nl.json[39m 1ms (unchanged)
[90mmoon.yml[39m 15ms (unchanged)
[90mpackage.json[39m 4ms (unchanged)
[90mplaywright.config.ts[39m 6ms (unchanged)
[90mproject.inlang/settings.json[39m 2ms (unchanged)
[90mREADME.md[39m 34ms (unchanged)
[90msrc/app.d.ts[39m 8ms (unchanged)
[90msrc/app.html[39m 36ms (unchanged)
[90msrc/app.tailwind.css[39m 12ms (unchanged)
[90msrc/auth.ts[39m 8ms (unchanged)
[90msrc/demo.spec.ts[39m 9ms (unchanged)
[90msrc/hooks.server.ts[39m 11ms (unchanged)
[90msrc/hooks.ts[39m 6ms (unchanged)
[90msrc/lib/index.ts[39m 7ms (unchanged)
[90msrc/routes/+layout.server.ts[39m 9ms (unchanged)
[90msrc/routes/+layout.svelte[39m 83ms (unchanged)
[90msrc/routes/+page.svelte[39m 38ms (unchanged)
[90msrc/routes/chat/+page.svelte[39m 154ms (unchanged)
[90msrc/routes/demo/+page.svelte[39m 9ms (unchanged)
[90msrc/routes/demo/paraglide/+page.svelte[39m 20ms (unchanged)
[90msrc/routes/page.svelte.test.ts[39m 9ms (unchanged)
[90msrc/routes/signin/+page.server.ts[39m 9ms (unchanged)
[90msrc/routes/signout/+page.server.ts[39m 9ms (unchanged)
[90msvelte.config.js[39m 4ms (unchanged)
[90mtsconfig.json[39m 2ms (unchanged)
[90mvite.config.ts[39m 9ms (unchanged)
[90mvitest-setup-client.ts[39m 7ms (unchanged)