[33m10:09:12 AM [vite-plugin-svelte] src/routes/chat/+page.svelte:303:10 Visible, non-interactive elements with a click event must be accompanied by a keyboard event handler. Consider whether an interactive element such as `<button type="button">` or `<a>` might be more appropriate
https://svelte.dev/e/a11y_click_events_have_key_events[39m
301:                   </div>
302:                   <div class="relative">
303:                     <div
                             ^
304:                       class="inline-flex cursor-pointer items-center gap-2 rounded-full bg-gray-100 px-3 py-1 text-sm text-gray-700 transition-colors hover:bg-gray-200 dark:bg-gray-700 dark:text-gray-300 dark:hover:bg-gray-600"
305:                       onclick={() => (message.collapsed = !message.collapsed)}
[33m10:09:12 AM [vite-plugin-svelte] src/routes/chat/+page.svelte:303:10 `<div>` with a click handler must have an ARIA role
https://svelte.dev/e/a11y_no_static_element_interactions[39m
301:                   </div>
302:                   <div class="relative">
303:                     <div
                             ^
304:                       class="inline-flex cursor-pointer items-center gap-2 rounded-full bg-gray-100 px-3 py-1 text-sm text-gray-700 transition-colors hover:bg-gray-200 dark:bg-gray-700 dark:text-gray-300 dark:hover:bg-gray-600"
305:                       onclick={() => (message.collapsed = !message.collapsed)}
[33m10:09:12 AM [vite-plugin-svelte] src/routes/chat/+page.svelte:495:1 Unused CSS selector ".pulse-subtle"
https://svelte.dev/e/css_unused_selector[39m
493:   }
494: 
495:   .pulse-subtle {
                    ^
496:     animation: pulse-subtle 2s ease-in-out infinite;
497:   }